0 info it worked if it ends with ok
1 verbose cli [ 'c:\\starwarsname\\node.exe',
1 verbose cli   'c:\\starwarsname\\node_modules\\npm\\bin\\npm-cli.js',
1 verbose cli   'publish' ]
2 info using npm@2.14.3
3 info using node@v4.1.0
4 verbose publish [ '.' ]
5 silly cache add args [ '.', null ]
6 verbose cache add spec .
7 silly cache add parsed spec Result {
7 silly cache add   raw: '.',
7 silly cache add   scope: null,
7 silly cache add   name: null,
7 silly cache add   rawSpec: '.',
7 silly cache add   spec: 'c:\\starwarsname',
7 silly cache add   type: 'directory' }
8 verbose addLocalDirectory C:\Users\liuyiqiang\AppData\Roaming\npm-cache\starwarsname\1.0.0\package.tgz not in flight; packing
9 verbose tar pack [ 'C:\\Users\\liuyiqiang\\AppData\\Roaming\\npm-cache\\starwarsname\\1.0.0\\package.tgz',
9 verbose tar pack   'c:\\starwarsname' ]
10 verbose tarball C:\Users\liuyiqiang\AppData\Roaming\npm-cache\starwarsname\1.0.0\package.tgz
11 verbose folder c:\starwarsname
12 info prepublish starwarsname@1.0.0
13 verbose addLocalTarball adding from inside cache C:\Users\liuyiqiang\AppData\Roaming\npm-cache\starwarsname\1.0.0\package.tgz
14 silly cache afterAdd starwarsname@1.0.0
15 verbose afterAdd C:\Users\liuyiqiang\AppData\Roaming\npm-cache\starwarsname\1.0.0\package\package.json not in flight; writing
16 verbose afterAdd C:\Users\liuyiqiang\AppData\Roaming\npm-cache\starwarsname\1.0.0\package\package.json written
17 silly publish { name: 'starwarsname',
17 silly publish   version: '1.0.0',
17 silly publish   description: 'Get Randon Star Wars names',
17 silly publish   main: 'src/index.js',
17 silly publish   dependencies: { npm: '2.14.3', 'unique-random-array': '1.0.0' },
17 silly publish   devDependencies: {},
17 silly publish   scripts: { test: 'echo "Error: no test specified" && exit 1' },
17 silly publish   repository:
17 silly publish    { type: 'git',
17 silly publish      url: 'git+https://github.com/liuyiqiangGitHub/starwars-name.git' },
17 silly publish   keywords: [ 'random', 'star', 'wars' ],
17 silly publish   author:
17 silly publish    { name: 'yiqiang liu',
17 silly publish      email: 'yqliu65@hotmail.com',
17 silly publish      url: 'http://184.168.83.26/' },
17 silly publish   license: 'MIT',
17 silly publish   bugs: { url: 'https://github.com/liuyiqiangGitHub/starwars-name/issues' },
17 silly publish   homepage: 'https://github.com/liuyiqiangGitHub/starwars-name#readme',
17 silly publish   readme: '# starwars-name\n',
17 silly publish   readmeFilename: 'README.md',
17 silly publish   gitHead: '63e4a974b8903aea6547ab37e5b6bf13b5e92ac9',
17 silly publish   _id: 'starwarsname@1.0.0',
17 silly publish   _shasum: '8739f51e61109b2a0d09d11ac4c5365d16d14ddd',
17 silly publish   _from: '.' }
18 verbose getPublishConfig undefined
19 silly mapToRegistry name starwarsname
20 silly mapToRegistry using default registry
21 silly mapToRegistry registry https://registry.npmjs.org/
22 silly mapToRegistry uri https://registry.npmjs.org/starwarsname
23 verbose publish registryBase https://registry.npmjs.org/
24 silly publish uploading C:\Users\liuyiqiang\AppData\Roaming\npm-cache\starwarsname\1.0.0\package.tgz
25 verbose request uri https://registry.npmjs.org/starwarsname
26 verbose request sending authorization for write operation
27 info attempt registry request try #1 at 10:31:01 AM
28 verbose request using bearer token for auth
29 verbose request id 1dd649620b74af70
30 http request PUT https://registry.npmjs.org/starwarsname
31 http 403 https://registry.npmjs.org/starwarsname
32 verbose headers { 'content-type': 'application/json',
32 verbose headers   'cache-control': 'max-age=60',
32 verbose headers   'content-length': '95',
32 verbose headers   'accept-ranges': 'bytes',
32 verbose headers   date: 'Mon, 21 Sep 2015 17:31:10 GMT',
32 verbose headers   via: '1.1 varnish',
32 verbose headers   connection: 'keep-alive',
32 verbose headers   'x-served-by': 'cache-lax1433-LAX',
32 verbose headers   'x-cache': 'MISS',
32 verbose headers   'x-cache-hits': '0',
32 verbose headers   'x-timer': 'S1442856660.580444,VS0,VE10105' }
33 verbose request invalidating C:\Users\liuyiqiang\AppData\Roaming\npm-cache\registry.npmjs.org\starwarsname on PUT
34 error publish Failed PUT 403
35 verbose stack Error: "You cannot publish over the previously published version 1.0.0." : starwarsname
35 verbose stack     at makeError (c:\starwarsname\node_modules\npm\node_modules\npm-registry-client\lib\request.js:263:12)
35 verbose stack     at CachingRegistryClient.<anonymous> (c:\starwarsname\node_modules\npm\node_modules\npm-registry-client\lib\request.js:251:14)
35 verbose stack     at Request._callback (c:\starwarsname\node_modules\npm\node_modules\npm-registry-client\lib\request.js:171:14)
35 verbose stack     at Request.self.callback (c:\starwarsname\node_modules\npm\node_modules\request\request.js:198:22)
35 verbose stack     at emitTwo (events.js:87:13)
35 verbose stack     at Request.emit (events.js:172:7)
35 verbose stack     at Request.<anonymous> (c:\starwarsname\node_modules\npm\node_modules\request\request.js:1073:14)
35 verbose stack     at emitOne (events.js:82:20)
35 verbose stack     at Request.emit (events.js:169:7)
35 verbose stack     at IncomingMessage.<anonymous> (c:\starwarsname\node_modules\npm\node_modules\request\request.js:1019:12)
36 verbose statusCode 403
37 verbose pkgid starwarsname
38 verbose cwd c:\starwarsname
39 error Windows_NT 6.1.7601
40 error argv "c:\\starwarsname\\node.exe" "c:\\starwarsname\\node_modules\\npm\\bin\\npm-cli.js" "publish"
41 error node v4.1.0
42 error npm  v2.14.3
43 error code E403
44 error "You cannot publish over the previously published version 1.0.0." : starwarsname
45 error If you need help, you may report this error at:
45 error     <https://github.com/npm/npm/issues>
46 verbose exit [ 1, true ]
